Unity Editor version:    2020.3.30f1 (1fb1bf06830e)
Branch:                  2020.3/staging
Build type:              Release
Batch mode:              YES
macOS version:           Version 10.15.7 (Build 19H2)
Darwin version:          19.6.0
Architecture:            x86_64
Running under Rosetta:   NO
Available memory:        16384 MB
Using pre-set license
Pro License: NO

COMMAND LINE ARGUMENTS:
/Applications/Unity/Hub/Editor/2020.3.30f1/Unity.app/Contents/MacOS/Unity
-adb2
-batchMode
-noUpm
-name
AssetImportWorker0
-projectPath
/Users/Sava/Documents/Steam-Wars/Steam Wars
-logFile
Logs/AssetImportWorker0.log
-srvPort
62595
Successfully changed project path to: /Users/Sava/Documents/Steam-Wars/Steam Wars
/Users/Sava/Documents/Steam-Wars/Steam Wars
Using Asset Import Pipeline V2.
Refreshing native plugins compatible for Editor in 31.73 ms, found 2 plugins.
Preloading 0 native plugins for Editor in 0.00 ms.
Initialize engine version: 2020.3.30f1 (1fb1bf06830e)
[Subsystems] Discovering subsystems at path /Applications/Unity/Hub/Editor/2020.3.30f1/Unity.app/Contents/Resources/UnitySubsystems
[Subsystems] Discovering subsystems at path /Users/Sava/Documents/Steam-Wars/Steam Wars/Assets
GfxDevice: creating device client; threaded=0
2022-06-12 12:33:01.557 Unity[33445:1211973] Color LCD preferred device: AMD Radeon Pro 560X (high power)
2022-06-12 12:33:01.557 Unity[33445:1211973] Metal devices available: 2
2022-06-12 12:33:01.557 Unity[33445:1211973] 0: AMD Radeon Pro 560X (high power)
2022-06-12 12:33:01.557 Unity[33445:1211973] 1: Intel(R) UHD Graphics 630 (low power)
2022-06-12 12:33:01.558 Unity[33445:1211973] Using device AMD Radeon Pro 560X (high power)
Initializing Metal device caps: AMD Radeon Pro 560X
Initialize mono
Mono path[0] = '/Applications/Unity/Hub/Editor/2020.3.30f1/Unity.app/Contents/Managed'
Mono path[1] = '/Applications/Unity/Hub/Editor/2020.3.30f1/Unity.app/Contents/MonoBleedingEdge/lib/mono/unityjit'
Mono config path = '/Applications/Unity/Hub/Editor/2020.3.30f1/Unity.app/Contents/MonoBleedingEdge/etc'
Using monoOptions --debugger-agent=transport=dt_socket,embedding=1,server=y,suspend=n,address=127.0.0.1:56445
Begin MonoManager ReloadAssembly
Registering precompiled unity dll's ...
Register platform support module: /Applications/Unity/Hub/Editor/2020.3.30f1/PlaybackEngines/WebGLSupport/UnityEditor.WebGL.Extensions.dll
Register platform support module: /Applications/Unity/Hub/Editor/2020.3.30f1/Unity.app/Contents/PlaybackEngines/MacStandaloneSupport/UnityEditor.OSXStandalone.Extensions.dll
Register platform support module: /Applications/Unity/Hub/Editor/2020.3.30f1/PlaybackEngines/WindowsStandaloneSupport/UnityEditor.WindowsStandalone.Extensions.dll
Registered in 0.000720 seconds.
Native extension for WindowsStandalone target not found
Native extension for OSXStandalone target not found
Native extension for WebGL target not found
Refreshing native plugins compatible for Editor in 27.56 ms, found 2 plugins.
Preloading 0 native plugins for Editor in 0.00 ms.
Mono: successfully reloaded assembly
- Completed reload, in  0.657 seconds
Domain Reload Profiling:
	ReloadAssembly (658ms)
		BeginReloadAssembly (57ms)
			ExecutionOrderSort (0ms)
			DisableScriptedObjects (0ms)
			BackupInstance (0ms)
			ReleaseScriptingObjects (0ms)
			CreateAndSetChildDomain (1ms)
		EndReloadAssembly (521ms)
			LoadAssemblies (56ms)
			RebuildTransferFunctionScriptingTraits (0ms)
			SetupTypeCache (193ms)
			ReleaseScriptCaches (0ms)
			RebuildScriptCaches (42ms)
			SetupLoadedEditorAssemblies (198ms)
				LogAssemblyErrors (0ms)
				InitializePlatformSupportModulesInManaged (6ms)
				SetLoadedEditorAssemblies (0ms)
				RefreshPlugins (28ms)
				BeforeProcessingInitializeOnLoad (28ms)
				ProcessInitializeOnLoadAttributes (105ms)
				ProcessInitializeOnLoadMethodAttributes (30ms)
				AfterProcessingInitializeOnLoad (0ms)
				EditorAssembliesLoaded (0ms)
			ExecutionOrderSort2 (0ms)
			AwakeInstancesAfterBackupRestoration (0ms)
Platform modules already initialized, skipping
Registering precompiled user dll's ...
Registered in 0.001076 seconds.
Begin MonoManager ReloadAssembly
Native extension for WindowsStandalone target not found
Native extension for OSXStandalone target not found
Native extension for WebGL target not found
Refreshing native plugins compatible for Editor in 0.28 ms, found 2 plugins.
Preloading 0 native plugins for Editor in 0.00 ms.
Mono: successfully reloaded assembly
- Completed reload, in  1.086 seconds
Domain Reload Profiling:
	ReloadAssembly (1087ms)
		BeginReloadAssembly (173ms)
			ExecutionOrderSort (0ms)
			DisableScriptedObjects (5ms)
			BackupInstance (0ms)
			ReleaseScriptingObjects (0ms)
			CreateAndSetChildDomain (34ms)
		EndReloadAssembly (847ms)
			LoadAssemblies (85ms)
			RebuildTransferFunctionScriptingTraits (0ms)
			SetupTypeCache (320ms)
			ReleaseScriptCaches (0ms)
			RebuildScriptCaches (55ms)
			SetupLoadedEditorAssemblies (288ms)
				LogAssemblyErrors (0ms)
				InitializePlatformSupportModulesInManaged (5ms)
				SetLoadedEditorAssemblies (1ms)
				RefreshPlugins (0ms)
				BeforeProcessingInitializeOnLoad (68ms)
				ProcessInitializeOnLoadAttributes (205ms)
				ProcessInitializeOnLoadMethodAttributes (8ms)
				AfterProcessingInitializeOnLoad (1ms)
				EditorAssembliesLoaded (0ms)
			ExecutionOrderSort2 (0ms)
			AwakeInstancesAfterBackupRestoration (7ms)
Platform modules already initialized, skipping
Validating Project structure ... 0.000669 seconds.
Shader import version has changed; will reimport all shaders...
Upgrading shader files ...0.003270 seconds.
Application.AssetDatabase Initial Script Refresh Start
RefreshInfo: InitialScriptRefreshV2(NoUpdateAssetOptions) scanfilter:  ... 1 filters
RefreshProfiler: Total: 0.000ms
Application.AssetDatabase Initial Script Refresh End
Application.AssetDatabase.Refresh Start
Application.AssetDatabase.Refresh End
RefreshInfo: StopAssetImportingV2(ForceSynchronousImport) scanfilter: 
RefreshProfiler: Total: 0.000ms
Launching external process: /Applications/Unity/Hub/Editor/2020.3.30f1/Unity.app/Contents/Tools/UnityShaderCompiler
Launched and connected shader compiler UnityShaderCompiler after 0.01 seconds
Initializing Unity extensions:
========================================================================
Worker process is ready to serve import requests
Refreshing native plugins compatible for Editor in 0.25 ms, found 2 plugins.
Preloading 0 native plugins for Editor in 0.00 ms.
Unloading 1506 Unused Serialized files (Serialized files now loaded: 0)
System memory in use before: 177.2 MB.
System memory in use after: 176.4 MB.

Unloading 77 unused Assets to reduce memory usage. Loaded Objects now: 1980.
Total: 3.081356 ms (FindLiveObjects: 0.114338 ms CreateObjectMapping: 0.042927 ms MarkObjects: 2.425672 ms  DeleteObjects: 0.497817 ms)

AssetImportParameters requested are different than current active one (requested -> active):
  custom:video-decoder-ogg-theora: a1e56fd34408186e4bbccfd4996cb3dc -> 
  custom:container-muxer-webm: aa71ff27fc2769a1b78a27578f13a17b -> 
  custom:container-demuxer-webm: 4f35f7cbe854078d1ac9338744f61a02 -> 
  custom:container-demuxer-ogg: 62fdf1f143b41e24485cea50d1cbac27 -> 
  custom:video-encoder-webm-vp8: eb34c28f22e8b96e1ab97ce403110664 -> 
  custom:framework-osx-AVFoundation: b23960f63f64bdc6ff669e2cdcee2391 -> 
  custom:video-decoder-webm-vp8: 9c59270c3fd7afecdb556c50c9e8de78 -> 
  custom:audio-decoder-ogg-vorbis: bf7c407c2cedff20999df2af8eb42d56 -> 
  custom:audio-encoder-webm-vorbis: bf7c407c2cedff20999df2af8eb42d56 -> 
========================================================================
Received Import Request.
  path: Assets/Models/Tank1.fbx
  artifactKey: Guid(717589854b5b64ea7b2cc78f88d357d5) Importer(815301076,1909f56bfc062723c751e8b465ee728b)
Start importing Assets/Models/Tank1.fbx using Guid(717589854b5b64ea7b2cc78f88d357d5) Importer(815301076,1909f56bfc062723c751e8b465ee728b)  -> (artifact id: 'f6dfc5eaa3cc432b6e6d27c0eba5ed5e') in 0.675972 seconds 
========================================================================
Received Import Request.
  Time since last request: 430.871319 seconds.
  path: Assets/Scenes/SampleScene.unity
  artifactKey: Guid(9fc0d4010bbf28b4594072e72b8655ab) Importer(815301076,1909f56bfc062723c751e8b465ee728b)
Start importing Assets/Scenes/SampleScene.unity using Guid(9fc0d4010bbf28b4594072e72b8655ab) Importer(815301076,1909f56bfc062723c751e8b465ee728b)  -> (artifact id: 'ca85bd03de74682d7a16daf69eedd1a3') in 0.002939 seconds 
========================================================================
Received Import Request.
  Time since last request: 5.581081 seconds.
  path: Assets/Scenes/Game.unity
  artifactKey: Guid(9fc0d4010bbf28b4594072e72b8655ab) Importer(815301076,1909f56bfc062723c751e8b465ee728b)
Start importing Assets/Scenes/Game.unity using Guid(9fc0d4010bbf28b4594072e72b8655ab) Importer(815301076,1909f56bfc062723c751e8b465ee728b)  -> (artifact id: '6a1a93cd6121a13882dd2385e0fe5db8') in 0.001303 seconds 
========================================================================
Received Import Request.
  Time since last request: 13.589215 seconds.
  path: Assets/Animations/Tank2Move.anim
  artifactKey: Guid(0732ed602de4045e09c3d37225d60641) Importer(815301076,1909f56bfc062723c751e8b465ee728b)
Start importing Assets/Animations/Tank2Move.anim using Guid(0732ed602de4045e09c3d37225d60641) Importer(815301076,1909f56bfc062723c751e8b465ee728b)  -> (artifact id: 'df130e7c46687cd90ab335b40e8953d4') in 0.156360 seconds 
========================================================================
Received Import Request.
  Time since last request: 7.436651 seconds.
  path: Assets/Animations/Tank21.controller
  artifactKey: Guid(8194e9644461d4118bf6612e3ba668cd) Importer(815301076,1909f56bfc062723c751e8b465ee728b)
Start importing Assets/Animations/Tank21.controller using Guid(8194e9644461d4118bf6612e3ba668cd) Importer(815301076,1909f56bfc062723c751e8b465ee728b)  -> (artifact id: '2e567eb7404070b3827d2522c33e44a4') in 0.150680 seconds 
========================================================================
Received Import Request.
  Time since last request: 58.845713 seconds.
  path: Assets/Animations
  artifactKey: Guid(745547632e6204b15b4beb0c70c21866) Importer(815301076,1909f56bfc062723c751e8b465ee728b)
Start importing Assets/Animations using Guid(745547632e6204b15b4beb0c70c21866) Importer(815301076,1909f56bfc062723c751e8b465ee728b)  -> (artifact id: 'aec5e6118b88bcc4682b87883ba45d44') in 0.001114 seconds 
========================================================================
Received Import Request.
  Time since last request: 7.513079 seconds.
  path: Assets/Materials
  artifactKey: Guid(3ad18988e0cdf40bc90d140042da2f1d) Importer(815301076,1909f56bfc062723c751e8b465ee728b)
Start importing Assets/Materials using Guid(3ad18988e0cdf40bc90d140042da2f1d) Importer(815301076,1909f56bfc062723c751e8b465ee728b)  -> (artifact id: '96ba1f11092bb0616732d610b4efebf5') in 0.001434 seconds 
========================================================================
Received Import Request.
  Time since last request: 12.052265 seconds.
  path: Assets/Materials/Metal.mat
  artifactKey: Guid(59fbd3c3381ca466a9314faf44687375) Importer(815301076,1909f56bfc062723c751e8b465ee728b)
Start importing Assets/Materials/Metal.mat using Guid(59fbd3c3381ca466a9314faf44687375) Importer(815301076,1909f56bfc062723c751e8b465ee728b)  -> (artifact id: 'ac6725e3b66917bed2f367b6ca176cb0') in 0.159240 seconds 
========================================================================
Received Import Request.
  Time since last request: 405.351957 seconds.
  path: Assets/Materials/Metal.mat
  artifactKey: Guid(59fbd3c3381ca466a9314faf44687375) Importer(815301076,1909f56bfc062723c751e8b465ee728b)
Start importing Assets/Materials/Metal.mat using Guid(59fbd3c3381ca466a9314faf44687375) Importer(815301076,1909f56bfc062723c751e8b465ee728b)  -> (artifact id: '420c3d613637baf9c9e77cc5324e9123') in 0.028416 seconds 
========================================================================
Received Import Request.
  Time since last request: 114.382357 seconds.
  path: Assets/Scripts
  artifactKey: Guid(95c43150e4e3b41b48aaa08a5fb663f3) Importer(815301076,1909f56bfc062723c751e8b465ee728b)
Start importing Assets/Scripts using Guid(95c43150e4e3b41b48aaa08a5fb663f3) Importer(815301076,1909f56bfc062723c751e8b465ee728b)  -> (artifact id: '4763ff99855ce356a8b856bca8ae1c1e') in 0.001551 seconds 
