Unity Editor version:    2020.3.30f1 (1fb1bf06830e)
Branch:                  2020.3/staging
Build type:              Release
Batch mode:              YES
macOS version:           Version 10.15.7 (Build 19H2)
Darwin version:          19.6.0
Architecture:            x86_64
Running under Rosetta:   NO
Available memory:        16384 MB
Using pre-set license
Pro License: NO

COMMAND LINE ARGUMENTS:
/Applications/Unity/Hub/Editor/2020.3.30f1/Unity.app/Contents/MacOS/Unity
-adb2
-batchMode
-noUpm
-name
AssetImportWorker0
-projectPath
/Users/Sava/Documents/Steam-Wars/Steam Wars
-logFile
Logs/AssetImportWorker0.log
-srvPort
61125
Successfully changed project path to: /Users/Sava/Documents/Steam-Wars/Steam Wars
/Users/Sava/Documents/Steam-Wars/Steam Wars
Using Asset Import Pipeline V2.
Refreshing native plugins compatible for Editor in 31.40 ms, found 2 plugins.
Preloading 0 native plugins for Editor in 0.00 ms.
Initialize engine version: 2020.3.30f1 (1fb1bf06830e)
[Subsystems] Discovering subsystems at path /Applications/Unity/Hub/Editor/2020.3.30f1/Unity.app/Contents/Resources/UnitySubsystems
[Subsystems] Discovering subsystems at path /Users/Sava/Documents/Steam-Wars/Steam Wars/Assets
GfxDevice: creating device client; threaded=0
2022-06-10 18:27:01.345 Unity[30461:1088854] Color LCD preferred device: AMD Radeon Pro 560X (high power)
2022-06-10 18:27:01.345 Unity[30461:1088854] Metal devices available: 2
2022-06-10 18:27:01.345 Unity[30461:1088854] 0: AMD Radeon Pro 560X (high power)
2022-06-10 18:27:01.345 Unity[30461:1088854] 1: Intel(R) UHD Graphics 630 (low power)
2022-06-10 18:27:01.346 Unity[30461:1088854] Using device AMD Radeon Pro 560X (high power)
Initializing Metal device caps: AMD Radeon Pro 560X
Initialize mono
Mono path[0] = '/Applications/Unity/Hub/Editor/2020.3.30f1/Unity.app/Contents/Managed'
Mono path[1] = '/Applications/Unity/Hub/Editor/2020.3.30f1/Unity.app/Contents/MonoBleedingEdge/lib/mono/unityjit'
Mono config path = '/Applications/Unity/Hub/Editor/2020.3.30f1/Unity.app/Contents/MonoBleedingEdge/etc'
Using monoOptions --debugger-agent=transport=dt_socket,embedding=1,server=y,suspend=n,address=127.0.0.1:56461
Begin MonoManager ReloadAssembly
Registering precompiled unity dll's ...
Register platform support module: /Applications/Unity/Hub/Editor/2020.3.30f1/PlaybackEngines/WebGLSupport/UnityEditor.WebGL.Extensions.dll
Register platform support module: /Applications/Unity/Hub/Editor/2020.3.30f1/Unity.app/Contents/PlaybackEngines/MacStandaloneSupport/UnityEditor.OSXStandalone.Extensions.dll
Register platform support module: /Applications/Unity/Hub/Editor/2020.3.30f1/PlaybackEngines/WindowsStandaloneSupport/UnityEditor.WindowsStandalone.Extensions.dll
Registered in 0.000727 seconds.
Native extension for WindowsStandalone target not found
Native extension for OSXStandalone target not found
Native extension for WebGL target not found
Refreshing native plugins compatible for Editor in 26.74 ms, found 2 plugins.
Preloading 0 native plugins for Editor in 0.00 ms.
Mono: successfully reloaded assembly
- Completed reload, in  0.656 seconds
Domain Reload Profiling:
	ReloadAssembly (656ms)
		BeginReloadAssembly (56ms)
			ExecutionOrderSort (0ms)
			DisableScriptedObjects (0ms)
			BackupInstance (0ms)
			ReleaseScriptingObjects (0ms)
			CreateAndSetChildDomain (1ms)
		EndReloadAssembly (519ms)
			LoadAssemblies (55ms)
			RebuildTransferFunctionScriptingTraits (0ms)
			SetupTypeCache (190ms)
			ReleaseScriptCaches (0ms)
			RebuildScriptCaches (42ms)
			SetupLoadedEditorAssemblies (199ms)
				LogAssemblyErrors (0ms)
				InitializePlatformSupportModulesInManaged (6ms)
				SetLoadedEditorAssemblies (0ms)
				RefreshPlugins (27ms)
				BeforeProcessingInitializeOnLoad (27ms)
				ProcessInitializeOnLoadAttributes (110ms)
				ProcessInitializeOnLoadMethodAttributes (29ms)
				AfterProcessingInitializeOnLoad (0ms)
				EditorAssembliesLoaded (0ms)
			ExecutionOrderSort2 (0ms)
			AwakeInstancesAfterBackupRestoration (0ms)
Platform modules already initialized, skipping
Registering precompiled user dll's ...
Registered in 0.001051 seconds.
Begin MonoManager ReloadAssembly
Native extension for WindowsStandalone target not found
Native extension for OSXStandalone target not found
Native extension for WebGL target not found
Refreshing native plugins compatible for Editor in 0.34 ms, found 2 plugins.
Preloading 0 native plugins for Editor in 0.00 ms.
Mono: successfully reloaded assembly
- Completed reload, in  1.170 seconds
Domain Reload Profiling:
	ReloadAssembly (1170ms)
		BeginReloadAssembly (163ms)
			ExecutionOrderSort (0ms)
			DisableScriptedObjects (5ms)
			BackupInstance (0ms)
			ReleaseScriptingObjects (0ms)
			CreateAndSetChildDomain (29ms)
		EndReloadAssembly (939ms)
			LoadAssemblies (80ms)
			RebuildTransferFunctionScriptingTraits (0ms)
			SetupTypeCache (318ms)
			ReleaseScriptCaches (0ms)
			RebuildScriptCaches (51ms)
			SetupLoadedEditorAssemblies (323ms)
				LogAssemblyErrors (0ms)
				InitializePlatformSupportModulesInManaged (8ms)
				SetLoadedEditorAssemblies (1ms)
				RefreshPlugins (0ms)
				BeforeProcessingInitializeOnLoad (87ms)
				ProcessInitializeOnLoadAttributes (217ms)
				ProcessInitializeOnLoadMethodAttributes (9ms)
				AfterProcessingInitializeOnLoad (1ms)
				EditorAssembliesLoaded (0ms)
			ExecutionOrderSort2 (0ms)
			AwakeInstancesAfterBackupRestoration (7ms)
Platform modules already initialized, skipping
Validating Project structure ... 0.000158 seconds.
Shader import version has changed; will reimport all shaders...
Upgrading shader files ...0.000221 seconds.
Application.AssetDatabase Initial Script Refresh Start
RefreshInfo: InitialScriptRefreshV2(NoUpdateAssetOptions) scanfilter:  ... 1 filters
RefreshProfiler: Total: 0.000ms
Application.AssetDatabase Initial Script Refresh End
Application.AssetDatabase.Refresh Start
Application.AssetDatabase.Refresh End
RefreshInfo: StopAssetImportingV2(ForceSynchronousImport) scanfilter: 
RefreshProfiler: Total: 0.000ms
Launching external process: /Applications/Unity/Hub/Editor/2020.3.30f1/Unity.app/Contents/Tools/UnityShaderCompiler
Launched and connected shader compiler UnityShaderCompiler after 0.01 seconds
Initializing Unity extensions:
========================================================================
Worker process is ready to serve import requests
Refreshing native plugins compatible for Editor in 0.26 ms, found 2 plugins.
Preloading 0 native plugins for Editor in 0.00 ms.
Unloading 1503 Unused Serialized files (Serialized files now loaded: 0)
System memory in use before: 175.7 MB.
System memory in use after: 174.9 MB.

Unloading 77 unused Assets to reduce memory usage. Loaded Objects now: 1977.
Total: 3.330747 ms (FindLiveObjects: 0.131658 ms CreateObjectMapping: 0.049192 ms MarkObjects: 2.657037 ms  DeleteObjects: 0.492112 ms)

AssetImportParameters requested are different than current active one (requested -> active):
  custom:video-decoder-ogg-theora: a1e56fd34408186e4bbccfd4996cb3dc -> 
  custom:container-muxer-webm: aa71ff27fc2769a1b78a27578f13a17b -> 
  custom:container-demuxer-webm: 4f35f7cbe854078d1ac9338744f61a02 -> 
  custom:container-demuxer-ogg: 62fdf1f143b41e24485cea50d1cbac27 -> 
  custom:video-encoder-webm-vp8: eb34c28f22e8b96e1ab97ce403110664 -> 
  custom:framework-osx-AVFoundation: b23960f63f64bdc6ff669e2cdcee2391 -> 
  custom:video-decoder-webm-vp8: 9c59270c3fd7afecdb556c50c9e8de78 -> 
  custom:audio-decoder-ogg-vorbis: bf7c407c2cedff20999df2af8eb42d56 -> 
  custom:audio-encoder-webm-vorbis: bf7c407c2cedff20999df2af8eb42d56 -> 
========================================================================
Received Import Request.
  path: Assets/Models
  artifactKey: Guid(223b8421be9474a329a44a22ef136f5b) Importer(815301076,1909f56bfc062723c751e8b465ee728b)
Start importing Assets/Models using Guid(223b8421be9474a329a44a22ef136f5b) Importer(815301076,1909f56bfc062723c751e8b465ee728b)  -> (artifact id: '10572b81675d62aed7c570f8c6df494f') in 0.003950 seconds 
========================================================================
Received Import Request.
  Time since last request: 148.642997 seconds.
  path: Assets/Models/Spider.fbx
  artifactKey: Guid(85f79c2737ede482688fdc7dfb4170da) Importer(815301076,1909f56bfc062723c751e8b465ee728b)
Start importing Assets/Models/Spider.fbx using Guid(85f79c2737ede482688fdc7dfb4170da) Importer(815301076,1909f56bfc062723c751e8b465ee728b)  -> (artifact id: '18beeec6b79f55d8213e689af5dcc68d') in 0.975630 seconds 
========================================================================
Received Import Request.
  Time since last request: 1000.485750 seconds.
  path: Assets/Models/Spider.fbx
  artifactKey: Guid(85f79c2737ede482688fdc7dfb4170da) Importer(815301076,1909f56bfc062723c751e8b465ee728b)
Start importing Assets/Models/Spider.fbx using Guid(85f79c2737ede482688fdc7dfb4170da) Importer(815301076,1909f56bfc062723c751e8b465ee728b)  -> (artifact id: 'b401b3031f3d6e3e62ae2f7a3e939634') in 0.439316 seconds 
========================================================================
Received Import Request.
  Time since last request: 20.474171 seconds.
  path: Assets/Models/Black.mat
  artifactKey: Guid(0c88443262c6d486cb0d10b0acfa2fb6) Importer(815301076,1909f56bfc062723c751e8b465ee728b)
Start importing Assets/Models/Black.mat using Guid(0c88443262c6d486cb0d10b0acfa2fb6) Importer(815301076,1909f56bfc062723c751e8b465ee728b)  -> (artifact id: 'e48220b2e3675877fd9943fa8b3ed1bc') in 0.187972 seconds 
========================================================================
Received Import Request.
  Time since last request: 81.304455 seconds.
  path: Assets/Simple Toon
  artifactKey: Guid(8d6c991d402724edb833941b61b757b3) Importer(815301076,1909f56bfc062723c751e8b465ee728b)
Start importing Assets/Simple Toon using Guid(8d6c991d402724edb833941b61b757b3) Importer(815301076,1909f56bfc062723c751e8b465ee728b)  -> (artifact id: '06846bd8c68807c58a0c120a9937b5c0') in 0.001168 seconds 
========================================================================
Received Import Request.
  Time since last request: 2.604191 seconds.
  path: Assets/Simple Toon/Demo
  artifactKey: Guid(686ab30745bee46e9bde943b4b831449) Importer(815301076,1909f56bfc062723c751e8b465ee728b)
Start importing Assets/Simple Toon/Demo using Guid(686ab30745bee46e9bde943b4b831449) Importer(815301076,1909f56bfc062723c751e8b465ee728b)  -> (artifact id: '94a8b8b45dc6b0434f964137ac9ce94b') in 0.001077 seconds 
========================================================================
Received Import Request.
  Time since last request: 4.004762 seconds.
  path: Assets/Simple Toon/Demo/Scenes
  artifactKey: Guid(1c4a4b017561548afa28ecc1817f9ac2) Importer(815301076,1909f56bfc062723c751e8b465ee728b)
Start importing Assets/Simple Toon/Demo/Scenes using Guid(1c4a4b017561548afa28ecc1817f9ac2) Importer(815301076,1909f56bfc062723c751e8b465ee728b)  -> (artifact id: 'a18c2a7bcd71e588909b1f3f8598fa48') in 0.001216 seconds 
========================================================================
Received Import Request.
  Time since last request: 1.019714 seconds.
  path: Assets/Simple Toon/Demo/Scenes/DemoScene1.unity
  artifactKey: Guid(f8d2c849252e54bd08b0c224ddb18cd7) Importer(815301076,1909f56bfc062723c751e8b465ee728b)
Start importing Assets/Simple Toon/Demo/Scenes/DemoScene1.unity using Guid(f8d2c849252e54bd08b0c224ddb18cd7) Importer(815301076,1909f56bfc062723c751e8b465ee728b)  -> (artifact id: '7a68823b9d2891289c0f94bcc623ad34') in 0.001921 seconds 
========================================================================
Received Import Request.
  Time since last request: 6.444895 seconds.
  path: Assets/Simple Toon/Demo/Scenes/DemoScene2.unity
  artifactKey: Guid(08dc1ccecf33249198ba2fe94fcfb8e0) Importer(815301076,1909f56bfc062723c751e8b465ee728b)
Start importing Assets/Simple Toon/Demo/Scenes/DemoScene2.unity using Guid(08dc1ccecf33249198ba2fe94fcfb8e0) Importer(815301076,1909f56bfc062723c751e8b465ee728b)  -> (artifact id: 'ca0ad014d0ac441fda32a43ea6a2f6b8') in 0.001335 seconds 
========================================================================
Received Import Request.
  Time since last request: 2.798130 seconds.
  path: Assets/Simple Toon/Demo/Scenes/DemoScene3.unity
  artifactKey: Guid(172a3bd741ad7437a8d5a4b4ee547c58) Importer(815301076,1909f56bfc062723c751e8b465ee728b)
Start importing Assets/Simple Toon/Demo/Scenes/DemoScene3.unity using Guid(172a3bd741ad7437a8d5a4b4ee547c58) Importer(815301076,1909f56bfc062723c751e8b465ee728b)  -> (artifact id: '30fc11b5350c96acbb51b14141fff667') in 0.001376 seconds 
========================================================================
Received Import Request.
  Time since last request: 12.644073 seconds.
  path: Assets/Simple Toon/Demo/Materials/DemoMat0.mat
  artifactKey: Guid(89da178192942474cb10e6ba8737a6a7) Importer(815301076,1909f56bfc062723c751e8b465ee728b)
Start importing Assets/Simple Toon/Demo/Materials/DemoMat0.mat using Guid(89da178192942474cb10e6ba8737a6a7) Importer(815301076,1909f56bfc062723c751e8b465ee728b)  -> (artifact id: '9573ee2823c00cb6347c3f4578fab89b') in 0.223253 seconds 
========================================================================
Received Import Request.
  Time since last request: 0.000143 seconds.
  path: Assets/Simple Toon/Demo/Materials/DemoMat7.mat
  artifactKey: Guid(6accb9ec6153947cbae3f2aff1e3c866) Importer(815301076,1909f56bfc062723c751e8b465ee728b)
Start importing Assets/Simple Toon/Demo/Materials/DemoMat7.mat using Guid(6accb9ec6153947cbae3f2aff1e3c866) Importer(815301076,1909f56bfc062723c751e8b465ee728b)  -> (artifact id: '9fc47215fd790f8b18a94973bafe8967') in 0.009953 seconds 
========================================================================
Received Import Request.
  Time since last request: 0.000242 seconds.
  path: Assets/Simple Toon/Demo/Materials/DemoMat2.mat
  artifactKey: Guid(ef2d2a3b39a22469989c5a63af9227e3) Importer(815301076,1909f56bfc062723c751e8b465ee728b)
Start importing Assets/Simple Toon/Demo/Materials/DemoMat2.mat using Guid(ef2d2a3b39a22469989c5a63af9227e3) Importer(815301076,1909f56bfc062723c751e8b465ee728b)  -> (artifact id: '52e02a2e980830d60e5ab093cae046a5') in 0.043648 seconds 
========================================================================
Received Import Request.
  Time since last request: 0.000226 seconds.
  path: Assets/Simple Toon/Demo/Materials/TeddyDark.mat
  artifactKey: Guid(36a47a24c2286447a887d48689f30ec1) Importer(815301076,1909f56bfc062723c751e8b465ee728b)
Start importing Assets/Simple Toon/Demo/Materials/TeddyDark.mat using Guid(36a47a24c2286447a887d48689f30ec1) Importer(815301076,1909f56bfc062723c751e8b465ee728b)  -> (artifact id: '821e498d38f890e59b54ff1531df0ca5') in 0.010649 seconds 
========================================================================
Received Import Request.
  Time since last request: 0.000209 seconds.
  path: Assets/Simple Toon/Demo/Materials/DemoMat1.mat
  artifactKey: Guid(8ed6be4d200f44763bb6a52ceb413920) Importer(815301076,1909f56bfc062723c751e8b465ee728b)
Start importing Assets/Simple Toon/Demo/Materials/DemoMat1.mat using Guid(8ed6be4d200f44763bb6a52ceb413920) Importer(815301076,1909f56bfc062723c751e8b465ee728b)  -> (artifact id: 'f4bc6f8c83b2be81aaa89b39563b7aae') in 0.011980 seconds 
========================================================================
Received Import Request.
  Time since last request: 0.000284 seconds.
  path: Assets/Simple Toon/Demo/Materials/DemoMat5.mat
  artifactKey: Guid(c36a57e577ad1419ca9f179fa166c5ac) Importer(815301076,1909f56bfc062723c751e8b465ee728b)
Start importing Assets/Simple Toon/Demo/Materials/DemoMat5.mat using Guid(c36a57e577ad1419ca9f179fa166c5ac) Importer(815301076,1909f56bfc062723c751e8b465ee728b)  -> (artifact id: 'ccaec6ec4ae8752d73c1c8ad0c8cefa1') in 0.011627 seconds 
========================================================================
Received Import Request.
  Time since last request: 0.000208 seconds.
  path: Assets/Simple Toon/Demo/Materials/DemoMat4.mat
  artifactKey: Guid(e1adb895fb1b74ee5aa46f68b67ab432) Importer(815301076,1909f56bfc062723c751e8b465ee728b)
Start importing Assets/Simple Toon/Demo/Materials/DemoMat4.mat using Guid(e1adb895fb1b74ee5aa46f68b67ab432) Importer(815301076,1909f56bfc062723c751e8b465ee728b)  -> (artifact id: '90030b81e96662c5730b3c8fd7c69557') in 0.011621 seconds 
========================================================================
Received Import Request.
  Time since last request: 0.000213 seconds.
  path: Assets/Simple Toon/Demo/Materials/DemoMat3.mat
  artifactKey: Guid(455d9beda8a1a4fddb5c283861efccb0) Importer(815301076,1909f56bfc062723c751e8b465ee728b)
Start importing Assets/Simple Toon/Demo/Materials/DemoMat3.mat using Guid(455d9beda8a1a4fddb5c283861efccb0) Importer(815301076,1909f56bfc062723c751e8b465ee728b)  -> (artifact id: '90be855e7ae6870b6b0efe6382186f72') in 0.012322 seconds 
========================================================================
Received Import Request.
  Time since last request: 0.000228 seconds.
  path: Assets/Simple Toon/Demo/Materials/DemoMat6.mat
  artifactKey: Guid(c22ff6e5c9f8b4657806a92e2de34fd9) Importer(815301076,1909f56bfc062723c751e8b465ee728b)
Start importing Assets/Simple Toon/Demo/Materials/DemoMat6.mat using Guid(c22ff6e5c9f8b4657806a92e2de34fd9) Importer(815301076,1909f56bfc062723c751e8b465ee728b)  -> (artifact id: '8768937817770adbb5abf31d6c21fd89') in 0.010458 seconds 
========================================================================
Received Import Request.
  Time since last request: 16.072051 seconds.
  path: Assets/Scenes/SampleScene.unity
  artifactKey: Guid(9fc0d4010bbf28b4594072e72b8655ab) Importer(815301076,1909f56bfc062723c751e8b465ee728b)
Start importing Assets/Scenes/SampleScene.unity using Guid(9fc0d4010bbf28b4594072e72b8655ab) Importer(815301076,1909f56bfc062723c751e8b465ee728b)  -> (artifact id: '62111c232d8b31b4ea78252d5d0b76f9') in 0.002110 seconds 
========================================================================
Received Import Request.
  Time since last request: 36.205187 seconds.
  path: Assets/Spider.mat
  artifactKey: Guid(5b17dd3a1038a4e188b482d098832e3b) Importer(815301076,1909f56bfc062723c751e8b465ee728b)
Start importing Assets/Spider.mat using Guid(5b17dd3a1038a4e188b482d098832e3b) Importer(815301076,1909f56bfc062723c751e8b465ee728b)  -> (artifact id: 'c21217ae3555aa7736cfc912e71ffba3') in 0.028668 seconds 
========================================================================
Received Import Request.
  Time since last request: 189.219712 seconds.
  path: Assets
  artifactKey: Guid(00000000000000001000000000000000) Importer(815301076,1909f56bfc062723c751e8b465ee728b)
Start importing Assets using Guid(00000000000000001000000000000000) Importer(815301076,1909f56bfc062723c751e8b465ee728b)  -> (artifact id: '42d402b061de3733987d63b9cc3b64de') in 0.001062 seconds 
========================================================================
Received Import Request.
  Time since last request: 48.967017 seconds.
  path: Assets/Models/Tank1.fbx
  artifactKey: Guid(717589854b5b64ea7b2cc78f88d357d5) Importer(815301076,1909f56bfc062723c751e8b465ee728b)
Start importing Assets/Models/Tank1.fbx using Guid(717589854b5b64ea7b2cc78f88d357d5) Importer(815301076,1909f56bfc062723c751e8b465ee728b)  -> (artifact id: 'aadaf6751028c8aade44d0f1b9dae394') in 0.184192 seconds 
========================================================================
Received Import Request.
  Time since last request: 93.449709 seconds.
  path: Assets/Models/Tank21.fbx
  artifactKey: Guid(e0f4ba1256350433a89f2e3b99911cd7) Importer(815301076,1909f56bfc062723c751e8b465ee728b)
Start importing Assets/Models/Tank21.fbx using Guid(e0f4ba1256350433a89f2e3b99911cd7) Importer(815301076,1909f56bfc062723c751e8b465ee728b)  -> (artifact id: 'ae3bf13f774a1b8de84aa4f2898fe6d1') in 0.264377 seconds 
========================================================================
Received Import Request.
  Time since last request: 0.000227 seconds.
  path: Assets/Models/Tank23.fbx
  artifactKey: Guid(deadeebfa40754e8ba5e0d745fd0aa79) Importer(815301076,1909f56bfc062723c751e8b465ee728b)
Start importing Assets/Models/Tank23.fbx using Guid(deadeebfa40754e8ba5e0d745fd0aa79) Importer(815301076,1909f56bfc062723c751e8b465ee728b)  -> (artifact id: 'd1a0ff92ed6e0004f0a4f5328a71eb6f') in 0.268860 seconds 
========================================================================
Received Import Request.
  Time since last request: 0.000239 seconds.
  path: Assets/Models/Tank22.fbx
  artifactKey: Guid(10eeaef0708bd459c93b76b1d05eddc5) Importer(815301076,1909f56bfc062723c751e8b465ee728b)
Start importing Assets/Models/Tank22.fbx using Guid(10eeaef0708bd459c93b76b1d05eddc5) Importer(815301076,1909f56bfc062723c751e8b465ee728b)  -> (artifact id: 'd7c4e3da37a09b8deed9712118d542b7') in 0.255487 seconds 
========================================================================
Received Import Request.
  Time since last request: 100.123453 seconds.
  path: Assets/Models/Rocket.fbx
  artifactKey: Guid(a237595e1593d4c65ba34d85216d392f) Importer(815301076,1909f56bfc062723c751e8b465ee728b)
Start importing Assets/Models/Rocket.fbx using Guid(a237595e1593d4c65ba34d85216d392f) Importer(815301076,1909f56bfc062723c751e8b465ee728b)  -> (artifact id: 'ebcd1dd9d66bf685a24cb8749c0c3b2e') in 0.039163 seconds 
